<?xml version="1.0" encoding="UTF-8"?>
<!-- Generated by org.testng.reporters.JUnitXMLReporter -->
<testsuite ignored="0" hostname="admin-PC" failures="0" tests="1" name="Test" time="0.125" errors="0" timestamp="2022-05-14T19:12:56 IST">
  <testcase classname="resources.Baseclass" name="@BeforeMethod launchBrowser" time="0.011">
    <failure type="java.lang.NoClassDefFoundError" message="org/apache/hc/core5/http/ClassicHttpRequest">
      <![CDATA[java.lang.NoClassDefFoundError: org/apache/hc/core5/http/ClassicHttpRequest
at resources.Baseclass.initilizeDriver(Baseclass.java:39)
at resources.Baseclass.launchBrowser(Baseclass.java:64)
at java.base/java.util.ArrayList.forEach(ArrayList.java:1511)
Caused by: java.lang.ClassNotFoundException: org.apache.hc.core5.http.ClassicHttpRequest
at java.base/jdk.internal.loader.BuiltinClassLoader.loadClass(BuiltinClassLoader.java:641)
at java.base/jdk.internal.loader.ClassLoaders$AppClassLoader.loadClass(ClassLoaders.java:188)
at java.base/java.lang.ClassLoader.loadClass(ClassLoader.java:520)
... 34 more
... Removed 31 stack frames]]>
    </failure>
  </testcase> <!-- @BeforeMethod launchBrowser -->
  <testcase classname="resources.Baseclass" name="@AfterClass quitBrowser" time="-1.652535776328E9">
    <skipped/>
  </testcase> <!-- @AfterClass quitBrowser -->
  <testcase classname="Testcases.Trial" name="selectorclass" time="0.0">
    <skipped/>
  </testcase> <!-- selectorclass -->
</testsuite> <!-- Test -->
