<?xml version="1.0" encoding="UTF-8"?>
<testng-results ignored="0" total="1" passed="1" failed="0" skipped="0">
  <reporter-output>
  </reporter-output>
  <suite started-at="2022-05-18T11:02:37 IST" name="Default suite" finished-at="2022-05-18T11:02:42 IST" duration-ms="5269">
    <groups>
    </groups>
    <test started-at="2022-05-18T11:02:37 IST" name="Default test" finished-at="2022-05-18T11:02:42 IST" duration-ms="5269">
      <class name="Testcases.VerifySelectClass">
        <test-method is-config="true" signature="launchBrowser()[pri:0, instance:Testcases.VerifySelectClass@614ca7df]" started-at="2022-05-18T11:02:37 IST" name="launchBrowser" finished-at="2022-05-18T11:02:41 IST" duration-ms="4833" status="PASS">
          <reporter-output>
          </reporter-output>
        </test-method> <!-- launchBrowser -->
        <test-method signature="selectcurrencyValue()[pri:0, instance:Testcases.VerifySelectClass@614ca7df]" started-at="2022-05-18T11:02:41 IST" name="selectcurrencyValue" finished-at="2022-05-18T11:02:42 IST" duration-ms="203" status="PASS">
          <reporter-output>
          </reporter-output>
        </test-method> <!-- selectcurrencyValue -->
        <test-method is-config="true" signature="quitBrowser()[pri:0, instance:Testcases.VerifySelectClass@614ca7df]" started-at="2022-05-18T11:02:42 IST" name="quitBrowser" finished-at="2022-05-18T11:02:42 IST" duration-ms="187" status="PASS">
          <reporter-output>
          </reporter-output>
        </test-method> <!-- quitBrowser -->
      </class> <!-- Testcases.VerifySelectClass -->
    </test> <!-- Default test -->
  </suite> <!-- Default suite -->
</testng-results>
