<?xml version="1.0" encoding="UTF-8"?>
<testng-results ignored="0" total="1" passed="1" failed="0" skipped="0">
  <reporter-output>
  </reporter-output>
  <suite started-at="2022-05-18T12:13:23 IST" name="Default suite" finished-at="2022-05-18T12:13:29 IST" duration-ms="6183">
    <groups>
    </groups>
    <test started-at="2022-05-18T12:13:23 IST" name="Default test" finished-at="2022-05-18T12:13:29 IST" duration-ms="6183">
      <class name="Testcases.VerifyPassengerAdd">
        <test-method is-config="true" signature="launchBrowser()[pri:0, instance:Testcases.VerifyPassengerAdd@614ca7df]" started-at="2022-05-18T12:13:23 IST" name="launchBrowser" finished-at="2022-05-18T12:13:28 IST" duration-ms="4944" status="PASS">
          <reporter-output>
          </reporter-output>
        </test-method> <!-- launchBrowser -->
        <test-method signature="AdultPassengerAddViewAlert()[pri:0, instance:Testcases.VerifyPassengerAdd@614ca7df]" started-at="2022-05-18T12:13:28 IST" name="AdultPassengerAddViewAlert" finished-at="2022-05-18T12:13:29 IST" duration-ms="1196" status="PASS">
          <reporter-output>
          </reporter-output>
        </test-method> <!-- AdultPassengerAddViewAlert -->
        <test-method is-config="true" signature="quitBrowser()[pri:0, instance:Testcases.VerifyPassengerAdd@614ca7df]" started-at="2022-05-18T12:13:29 IST" name="quitBrowser" finished-at="2022-05-18T12:13:29 IST" duration-ms="0" status="PASS">
          <reporter-output>
          </reporter-output>
        </test-method> <!-- quitBrowser -->
      </class> <!-- Testcases.VerifyPassengerAdd -->
    </test> <!-- Default test -->
  </suite> <!-- Default suite -->
</testng-results>
